<?xml version="1.0" encoding="UTF-8"?>
<robot generator="Robot 7.4.2 (Python 3.14.4 on win32)" generated="2026-06-29T01:00:16.424588" rpa="false" schemaversion="5">
<suite id="s1" name="Tests" source="C:\Users\kdsg\OneDrive\Desktop\password generator\tests.robot">
<test id="s1-t1" name="Valid Login" line="10">
<kw name="Open Browser" owner="SeleniumLibrary">
<msg time="2026-06-29T01:00:17.342329" level="INFO">Opening browser 'chrome' to base url 'http://localhost:5000'.</msg>
<arg>${URL}</arg>
<arg>chrome</arg>
<arg>options=add_argument("--binary-location=C:/Program Files/BraveSoftware/Brave-Browser/Application/brave.exe")</arg>
<doc>Opens a new browser instance to the optional ``url``.</doc>
<status status="PASS" start="2026-06-29T01:00:17.341759" elapsed="2.709655"/>
</kw>
<kw name="Input Text" owner="SeleniumLibrary">
<msg time="2026-06-29T01:00:20.053755" level="INFO">Typing text 'amine@gmail.com' into text field 'name:email'.</msg>
<arg>name:email</arg>
<arg>${EMAIL}</arg>
<doc>Types the given ``text`` into the text field identified by ``locator``.</doc>
<status status="PASS" start="2026-06-29T01:00:20.052718" elapsed="0.398247"/>
</kw>
<kw name="Input Text" owner="SeleniumLibrary">
<msg time="2026-06-29T01:00:20.459350" level="INFO">Typing text 'Admin1234' into text field 'name:password'.</msg>
<arg>name:password</arg>
<arg>${PASSWORD}</arg>
<doc>Types the given ``text`` into the text field identified by ``locator``.</doc>
<status status="PASS" start="2026-06-29T01:00:20.458624" elapsed="0.266346"/>
</kw>
<kw name="Click Button" owner="SeleniumLibrary">
<msg time="2026-06-29T01:00:20.726763" level="INFO">Clicking button 'Login'.</msg>
<arg>Login</arg>
<doc>Clicks the button identified by ``locator``.</doc>
<status status="PASS" start="2026-06-29T01:00:20.726110" elapsed="0.333802"/>
</kw>
<kw name="Page Should Contain" owner="SeleniumLibrary">
<msg time="2026-06-29T01:00:21.136484" level="INFO">Current page contains text 'Signed in successfully'.</msg>
<arg>Signed in successfully</arg>
<doc>Verifies that current page contains ``text``.</doc>
<status status="PASS" start="2026-06-29T01:00:21.080587" elapsed="0.056088"/>
</kw>
<kw name="Close Browser" owner="SeleniumLibrary">
<doc>Closes the current browser.</doc>
<status status="PASS" start="2026-06-29T01:00:21.137205" elapsed="2.768593"/>
</kw>
<status status="PASS" start="2026-06-29T01:00:17.339359" elapsed="6.568095"/>
</test>
<status status="PASS" start="2026-06-29T01:00:16.427750" elapsed="7.483133"/>
</suite>
<statistics>
<total>
<stat pass="1" fail="0" skip="0">All Tests</stat>
</total>
<tag>
</tag>
<suite>
<stat name="Tests" id="s1" pass="1" fail="0" skip="0">Tests</stat>
</suite>
</statistics>
<errors>
</errors>
</robot>
